<?xml version='1.0' encoding='UTF-8'?>
<testsuite hostname="5410-TN81498" name="controllers.HomeControllerSpec" tests="5" errors="0" failures="0" skipped="0" time="4.048" timestamp="2024-08-30T17:54:24">
          <properties>
      <property name="java.specification.version" value="17"/><property name="sun.cpu.isalist" value="amd64"/><property name="sun.jnu.encoding" value="Cp1252"/><property name="sun.arch.data.model" value="64"/><property name="java.vendor.url" value="https://www.microsoft.com"/><property name="sun.boot.library.path" value="C:\Program Files\Microsoft\jdk-17.0.12.7-hotspot\bin"/><property name="sun.java.command" value="xsbt.boot.Boot clean compile coverage test coverageReport"/><property name="jdk.debug" value="release"/><property name="sun.stderr.encoding" value="cp437"/><property name="java.specification.vendor" value="Oracle Corporation"/><property name="java.version.date" value="2024-07-16"/><property name="java.home" value="C:\Program Files\Microsoft\jdk-17.0.12.7-hotspot"/><property name="file.separator" value="\"/><property name="java.vm.compressedOopsMode" value="32-bit"/><property name="line.separator" value="
"/><property name="sun.stdout.encoding" value="cp437"/><property name="java.vm.specification.vendor" value="Oracle Corporation"/><property name="java.specification.name" value="Java Platform API Specification"/><property name="user.script" value=""/><property name="sun.management.compiler" value="HotSpot 64-Bit Tiered Compilers"/><property name="java.runtime.version" value="17.0.12+7-LTS"/><property name="user.name" value="vineet.chauhan"/><property name="log4j.ignoreTCL" value="true"/><property name="file.encoding" value="UTF-8"/><property name="jnidispatch.path" value="C:\Users\VINEET~1.CHA\AppData\Local\Temp\jna-1661518215\jna6694642181293735668.dll"/><property name="java.vendor.version" value="Microsoft-9889599"/><property name="jna.loaded" value="true"/><property name="java.io.tmpdir" value="C:\Users\VINEET~1.CHA\AppData\Local\Temp\"/><property name="java.version" value="17.0.12"/><property name="java.vm.specification.name" value="Java Virtual Machine Specification"/><property name="sun.os.patch.level" value=""/><property name="native.encoding" value="Cp1252"/><property name="java.library.path" value="C:\Program Files\Microsoft\jdk-17.0.12.7-hotspot\bin;C:\Windows\Sun\Java\bin;C:\Windows\system32;C:\Windows;C:\Program Files\Microsoft\jdk-17.0.12.7-hotspot\bin;C:\Windows\system32;C:\Windows;C:\Windows\System32\Wbem;C:\Windows\System32\WindowsPowerShell\v1.0\;C:\Windows\System32\OpenSSH\;C:\Program Files (x86)\sbt\bin;C:\Program Files\Git\cmd;C:\Program Files\GitHub CLI\;C:\Users\vineet.chauhan\AppData\Local\Microsoft\WindowsApps;;."/><property name="java.vendor" value="Microsoft"/><property name="scala.ext.dirs" value="C:\Users\vineet.chauhan\.sbt\1.0\java9-rt-ext-microsoft_17_0_12"/><property name="sun.io.unicode.encoding" value="UnicodeLittle"/><property name="java.class.path" value="C:\Program Files (x86)\sbt\\bin\sbt-launch.jar"/><property name="java.vm.vendor" value="Microsoft"/><property name="user.variant" value=""/><property name="jline.shutdownhook" value="false"/><property name="user.timezone" value="Asia/Calcutta"/><property name="java.vm.specification.version" value="17"/><property name="os.name" value="Windows 11"/><property name="sun.java.launcher" value="SUN_STANDARD"/><property name="user.country" value="US"/><property name="sun.cpu.endian" value="little"/><property name="user.home" value="C:\Users\vineet.chauhan"/><property name="user.language" value="en"/><property name="sbt.ipcsocket.tmpdir" value="C:\Users\VINEET~1.CHA\AppData\Local\Temp\.sbtb1c56cce\ipcsocket"/><property name="swoval.tmpdir" value="C:\Users\VINEET~1.CHA\AppData\Local\Temp\.sbtb1c56cce\swoval"/><property name="jline.esc.timeout" value="0"/><property name="path.separator" value=";"/><property name="os.version" value="10.0"/><property name="jna.nosys" value="true"/><property name="java.runtime.name" value="OpenJDK Runtime Environment"/><property name="java.vm.name" value="OpenJDK 64-Bit Server VM"/><property name="java.vendor.url.bug" value="https://github.com/microsoft/openjdk/issues"/><property name="user.dir" value="C:\Users\vineet.chauhan\ScalaPro\Play-sonar"/><property name="os.arch" value="amd64"/><property name="java.vm.info" value="mixed mode, sharing"/><property name="java.vm.version" value="17.0.12+7-LTS"/><property name="java.class.version" value="61.0"/>
    </properties>
          <testcase classname="controllers.HomeControllerSpec" name="HomeController GET should render the index page from a new instance of controller" time="3.25">
                      
                    </testcase><testcase classname="controllers.HomeControllerSpec" name="HomeController GET should render the index page from the application" time="0.166">
                      
                    </testcase><testcase classname="controllers.HomeControllerSpec" name="HomeController GET should render the index page from the router" time="0.328">
                      
                    </testcase><testcase classname="controllers.HomeControllerSpec" name="String into Int should Check Some" time="0.145">
                      
                    </testcase><testcase classname="controllers.HomeControllerSpec" name="String into Int should Check None" time="0.159">
                      
                    </testcase>
          <system-out><![CDATA[]]></system-out>
          <system-err><![CDATA[]]></system-err>
        </testsuite>